Drill report for SparkFun_GNSS_mosaic-T_panelized.kicad_pcb
Created on 2025-03-13T12:49:34+0000

Copper Layer Stackup:
    =============================================================
    L1 :  F.Cu                      front
    L1 :  B.Cu                      back
    L1 :  L2.Cu                     in1
    L1 :  L3.Cu                     in2


Drill file 'SparkFun_GNSS_mosaic-T_panelized.drl' contains
    plated through holes:
    =============================================================
    T1  0.305mm  0.0120"  (1104 holes)
    T2  0.600mm  0.0236"  (16 holes)  (with 16 slots)
    T3  1.016mm  0.0400"  (120 holes)

    Total plated holes count 1240


Not plated through holes are merged with plated holes
    unplated through holes:
    =============================================================
    T4  0.650mm  0.0256"  (8 holes)
    T5  0.850mm  0.0335"  (8 holes)
    T6  1.000mm  0.0394"  (8 holes)
    T7  3.100mm  0.1220"  (16 holes)

    Total unplated holes count 40
